<?xml version="1.0" encoding="UTF-8"?>
<testsuite name="it.sevenbits.calculator.core.ArrayStackTest" tests="2" skipped="0" failures="0" errors="0" timestamp="2018-03-06T13:07:31" hostname="MacBook-Pro-Ila.local" time="0.001">
  <properties/>
  <testcase name="shouldBeFIFO" classname="it.sevenbits.calculator.core.ArrayStackTest" time="0.001"/>
  <testcase name="shouldPushElement" classname="it.sevenbits.calculator.core.ArrayStackTest" time="0.0"/>
  <system-out><![CDATA[]]></system-out>
  <system-err><![CDATA[]]></system-err>
</testsuite>
